{"ts":1698339574523,"action":"FILE_OPENED","file":"/Dockerfile","tags":{"FILE_LINE_OF_CODE":"12"}}
{"ts":1698339574738,"action":"PROJECT_OPENED","tags":{"PROJECT_NAME":"4rays"}}
{"ts":1698339575408,"action":"FILE_CLOSED","file":"/Dockerfile","tags":{"FILE_LINE_OF_CODE":"12"}}
{"ts":1698339575408,"action":"FILE_OPENED","file":"/web/templates/admin/edit-item.html","tags":{"FILE_LINE_OF_CODE":"49"}}
{"ts":1698339587910,"action":"PROJECT_CLOSED","tags":{"PROJECT_NAME":"4rays"}}
{"ts":1698410937927,"action":"FILE_OPENED","file":"/Dockerfile","tags":{"FILE_LINE_OF_CODE":"12"}}
{"ts":1698410938210,"action":"PROJECT_OPENED","tags":{"PROJECT_NAME":"4rays"}}
{"ts":1698410938538,"action":"FILE_CLOSED","file":"/Dockerfile","tags":{"FILE_LINE_OF_CODE":"12"}}
{"ts":1698410938538,"action":"FILE_OPENED","file":"/web/templates/admin/edit-item.html","tags":{"FILE_LINE_OF_CODE":"49"}}
{"ts":1698411013598,"action":"IDE_DEACTIVATED"}
{"ts":1698411018487,"action":"IDE_ACTIVATED"}
{"ts":1698411041669,"action":"IDE_DEACTIVATED"}
{"ts":1698411142762,"action":"IDE_ACTIVATED"}
{"ts":1698411146318,"action":"PROJECT_CLOSED","tags":{"PROJECT_NAME":"4rays"}}
{"ts":1698506417452,"action":"FILE_OPENED","file":"/Dockerfile","tags":{"FILE_LINE_OF_CODE":"12"}}
{"ts":1698506417661,"action":"PROJECT_OPENED","tags":{"PROJECT_NAME":"4rays"}}
{"ts":1698506418571,"action":"FILE_CLOSED","file":"/Dockerfile","tags":{"FILE_LINE_OF_CODE":"12"}}
{"ts":1698506418571,"action":"FILE_OPENED","file":"/web/templates/admin/edit-item.html","tags":{"FILE_LINE_OF_CODE":"49"}}
{"ts":1698506423817,"action":"PROJECT_CLOSED","tags":{"PROJECT_NAME":"4rays"}}
{"ts":1698506466311,"action":"FILE_OPENED","file":"/Dockerfile","tags":{"FILE_LINE_OF_CODE":"12"}}
{"ts":1698506466570,"action":"FILE_CLOSED","file":"/Dockerfile","tags":{"FILE_LINE_OF_CODE":"12"}}
{"ts":1698506466570,"action":"FILE_OPENED","file":"/web/templates/admin/edit-item.html","tags":{"FILE_LINE_OF_CODE":"49"}}
{"ts":1698506466500,"action":"PROJECT_OPENED","tags":{"PROJECT_NAME":"4rays"}}
{"ts":1698506467501,"action":"FILE_CLOSED","file":"/web/templates/admin/edit-item.html","tags":{"FILE_LINE_OF_CODE":"49"}}
{"ts":1698506467501,"action":"FILE_OPENED","file":"/.github/workflows/blank.yml","tags":{"FILE_LINE_OF_CODE":"21"}}
{"ts":1698506488572,"action":"IDE_DEACTIVATED"}
{"ts":1698506493215,"action":"IDE_ACTIVATED"}
{"ts":1698506496332,"action":"IDE_DEACTIVATED"}
{"ts":1698506561997,"action":"IDE_ACTIVATED"}
{"ts":1698506564730,"action":"IDE_DEACTIVATED"}
{"ts":1698506631865,"action":"IDE_ACTIVATED"}
{"ts":1698506639705,"action":"FILE_CLOSED","file":"/.github/workflows/blank.yml","tags":{"FILE_LINE_OF_CODE":"21"}}
{"ts":1698506639705,"action":"FILE_OPENED","file":"/web/templates/admin_base.html","tags":{"FILE_LINE_OF_CODE":"74"}}
{"ts":1698506666620,"action":"IDE_DEACTIVATED"}
{"ts":1698506679260,"action":"IDE_ACTIVATED"}
{"ts":1698506839014,"action":"FILE_CLOSED","file":"/web/templates/admin_base.html","tags":{"FILE_LINE_OF_CODE":"74"}}
{"ts":1698506839014,"action":"FILE_OPENED","file":"/web/static/black/styles.css","tags":{"FILE_LINE_OF_CODE":"40"}}
{"ts":1698506845294,"action":"FILE_CLOSED","file":"/web/static/black/styles.css","tags":{"FILE_LINE_OF_CODE":"40"}}
{"ts":1698506845294,"action":"FILE_OPENED","file":"/web/static/white/styles.css","tags":{"FILE_LINE_OF_CODE":"15"}}
{"ts":1698506855566,"action":"PROJECT_CLOSED","tags":{"PROJECT_NAME":"4rays"}}
{"ts":1698507231033,"action":"FILE_OPENED","file":"/Dockerfile","tags":{"FILE_LINE_OF_CODE":"12"}}
{"ts":1698507231148,"action":"FILE_CLOSED","file":"/Dockerfile","tags":{"FILE_LINE_OF_CODE":"12"}}
{"ts":1698507231148,"action":"FILE_OPENED","file":"/web/static/white/styles.css","tags":{"FILE_LINE_OF_CODE":"15"}}
{"ts":1698507231237,"action":"PROJECT_OPENED","tags":{"PROJECT_NAME":"4rays"}}
{"ts":1698507241408,"action":"IDE_DEACTIVATED"}
{"ts":1698507246847,"action":"IDE_ACTIVATED"}
{"ts":1698507347058,"action":"IDE_DEACTIVATED"}
{"ts":1698507351070,"action":"IDE_ACTIVATED"}
{"ts":1698507351410,"action":"IDE_DEACTIVATED"}
{"ts":1698507352430,"action":"IDE_ACTIVATED"}
{"ts":1698507410740,"action":"IDE_DEACTIVATED"}
{"ts":1698507414967,"action":"IDE_ACTIVATED"}
{"ts":1698507440029,"action":"IDE_DEACTIVATED"}
{"ts":1698507441810,"action":"IDE_ACTIVATED"}
{"ts":1698507442542,"action":"IDE_DEACTIVATED"}
{"ts":1698507451453,"action":"IDE_ACTIVATED"}
{"ts":1698507468815,"action":"IDE_DEACTIVATED"}
{"ts":1698507473210,"action":"IDE_ACTIVATED"}
{"ts":1698507475000,"action":"IDE_DEACTIVATED"}
{"ts":1698507481417,"action":"IDE_ACTIVATED"}
{"ts":1698507493667,"action":"IDE_DEACTIVATED"}
{"ts":1698507494917,"action":"IDE_ACTIVATED"}
{"ts":1698507517172,"action":"IDE_DEACTIVATED"}
{"ts":1698507531129,"action":"IDE_ACTIVATED"}
{"ts":1698507531632,"action":"IDE_DEACTIVATED"}
{"ts":1698507556326,"action":"IDE_ACTIVATED"}
{"ts":1698507562963,"action":"IDE_DEACTIVATED"}
{"ts":1698507567136,"action":"IDE_ACTIVATED"}
{"ts":1698507575904,"action":"IDE_DEACTIVATED"}
{"ts":1698507599481,"action":"IDE_ACTIVATED"}
{"ts":1698507600356,"action":"IDE_DEACTIVATED"}
{"ts":1698507610505,"action":"IDE_ACTIVATED"}
{"ts":1698507613269,"action":"IDE_DEACTIVATED"}
{"ts":1698507622243,"action":"IDE_ACTIVATED"}
{"ts":1698507623940,"action":"IDE_DEACTIVATED"}
{"ts":1698507624407,"action":"IDE_ACTIVATED"}
{"ts":1698507639853,"action":"IDE_DEACTIVATED"}
{"ts":1698507656752,"action":"IDE_ACTIVATED"}
{"ts":1698507657906,"action":"IDE_DEACTIVATED"}
{"ts":1698507667610,"action":"IDE_ACTIVATED"}
{"ts":1698507678595,"action":"FILE_CLOSED","file":"/web/static/white/styles.css","tags":{"FILE_LINE_OF_CODE":"15"}}
{"ts":1698507678595,"action":"FILE_OPENED","file":"/web/templates/admin/auth.html","tags":{"FILE_LINE_OF_CODE":"17"}}
{"ts":1698507685911,"action":"IDE_DEACTIVATED"}
{"ts":1698507687297,"action":"IDE_ACTIVATED"}
{"ts":1698507687621,"action":"IDE_DEACTIVATED"}
{"ts":1698507688266,"action":"IDE_ACTIVATED"}
{"ts":1698507703516,"action":"IDE_DEACTIVATED"}
{"ts":1698507706356,"action":"IDE_ACTIVATED"}
{"ts":1698507719959,"action":"IDE_DEACTIVATED"}
{"ts":1698507724752,"action":"IDE_ACTIVATED"}
{"ts":1698507727970,"action":"IDE_DEACTIVATED"}
{"ts":1698507728958,"action":"IDE_ACTIVATED"}
{"ts":1698507731292,"action":"IDE_DEACTIVATED"}
{"ts":1698507733688,"action":"IDE_ACTIVATED"}
{"ts":1698507734384,"action":"IDE_DEACTIVATED"}
{"ts":1698507735705,"action":"IDE_ACTIVATED"}
{"ts":1698507739750,"action":"IDE_DEACTIVATED"}
{"ts":1698507742764,"action":"IDE_ACTIVATED"}
{"ts":1698507744684,"action":"IDE_DEACTIVATED"}
{"ts":1698507755684,"action":"IDE_ACTIVATED"}
{"ts":1698507757811,"action":"IDE_DEACTIVATED"}
{"ts":1698507759956,"action":"IDE_ACTIVATED"}
{"ts":1698507762654,"action":"IDE_DEACTIVATED"}
{"ts":1698507776696,"action":"IDE_ACTIVATED"}
{"ts":1698507782568,"action":"IDE_DEACTIVATED"}
{"ts":1698507785522,"action":"IDE_ACTIVATED"}
{"ts":1698507787865,"action":"IDE_DEACTIVATED"}
{"ts":1698507790780,"action":"IDE_ACTIVATED"}
{"ts":1698507800215,"action":"IDE_DEACTIVATED"}
{"ts":1698507803366,"action":"IDE_ACTIVATED"}
{"ts":1698507803931,"action":"IDE_DEACTIVATED"}
{"ts":1698507925044,"action":"IDE_ACTIVATED"}
{"ts":1698507935185,"action":"IDE_DEACTIVATED"}
{"ts":1698507950824,"action":"IDE_ACTIVATED"}
{"ts":1698507986315,"action":"IDE_DEACTIVATED"}
{"ts":1698507988578,"action":"IDE_ACTIVATED"}
{"ts":1698507998670,"action":"IDE_DEACTIVATED"}
{"ts":1698508007424,"action":"IDE_ACTIVATED"}
{"ts":1698508015595,"action":"IDE_DEACTIVATED"}
{"ts":1698508020337,"action":"IDE_ACTIVATED"}
{"ts":1698508028562,"action":"IDE_DEACTIVATED"}
{"ts":1698508035506,"action":"IDE_ACTIVATED"}
{"ts":1698508040768,"action":"IDE_DEACTIVATED"}
{"ts":1698508042628,"action":"IDE_ACTIVATED"}
{"ts":1698508045648,"action":"IDE_DEACTIVATED"}
{"ts":1698508048562,"action":"IDE_ACTIVATED"}
{"ts":1698508059094,"action":"IDE_DEACTIVATED"}
{"ts":1698508060052,"action":"IDE_ACTIVATED"}
{"ts":1698508074018,"action":"IDE_DEACTIVATED"}
{"ts":1698508144075,"action":"IDE_ACTIVATED"}
{"ts":1698508154609,"action":"IDE_DEACTIVATED"}
{"ts":1698508162565,"action":"IDE_ACTIVATED"}
{"ts":1698508410253,"action":"IDE_DEACTIVATED"}
{"ts":1698508413598,"action":"IDE_ACTIVATED"}
{"ts":1698508472709,"action":"IDE_DEACTIVATED"}
{"ts":1698508492913,"action":"IDE_ACTIVATED"}
{"ts":1698508494599,"action":"IDE_DEACTIVATED"}
{"ts":1698508505380,"action":"IDE_ACTIVATED"}
{"ts":1698508511970,"action":"IDE_DEACTIVATED"}
{"ts":1698508524026,"action":"IDE_ACTIVATED"}
{"ts":1698508529269,"action":"IDE_DEACTIVATED"}
{"ts":1698508530248,"action":"IDE_ACTIVATED"}
{"ts":1698508570521,"action":"IDE_DEACTIVATED"}
{"ts":1698508571024,"action":"IDE_ACTIVATED"}
{"ts":1698508851757,"action":"IDE_DEACTIVATED"}
{"ts":1698508868989,"action":"IDE_ACTIVATED"}
{"ts":1698508875391,"action":"IDE_DEACTIVATED"}
{"ts":1698508880648,"action":"IDE_ACTIVATED"}
{"ts":1698508895652,"action":"IDE_DEACTIVATED"}
{"ts":1698508906313,"action":"IDE_ACTIVATED"}
{"ts":1698508929095,"action":"IDE_DEACTIVATED"}
{"ts":1698508930424,"action":"IDE_ACTIVATED"}
{"ts":1698508984802,"action":"IDE_DEACTIVATED"}
{"ts":1698508988707,"action":"IDE_ACTIVATED"}
{"ts":1698508997605,"action":"IDE_DEACTIVATED"}
{"ts":1698508999263,"action":"IDE_ACTIVATED"}
{"ts":1698509000329,"action":"IDE_DEACTIVATED"}
{"ts":1698509008693,"action":"IDE_ACTIVATED"}
{"ts":1698509013090,"action":"IDE_DEACTIVATED"}
{"ts":1698509017117,"action":"IDE_ACTIVATED"}
{"ts":1698509024107,"action":"IDE_DEACTIVATED"}
{"ts":1698509028350,"action":"IDE_ACTIVATED"}
{"ts":1698509064185,"action":"IDE_DEACTIVATED"}
{"ts":1698509068908,"action":"IDE_ACTIVATED"}
{"ts":1698509078031,"action":"IDE_DEACTIVATED"}
{"ts":1698509187221,"action":"IDE_ACTIVATED"}
{"ts":1698509188235,"action":"IDE_DEACTIVATED"}
{"ts":1698509216839,"action":"IDE_ACTIVATED"}
{"ts":1698509233472,"action":"IDE_DEACTIVATED"}
{"ts":1698509275433,"action":"IDE_ACTIVATED"}
{"ts":1698509281795,"action":"IDE_DEACTIVATED"}
{"ts":1698509284314,"action":"IDE_ACTIVATED"}
{"ts":1698509288942,"action":"IDE_DEACTIVATED"}
{"ts":1698509289596,"action":"IDE_ACTIVATED"}
{"ts":1698509340844,"action":"IDE_DEACTIVATED"}
{"ts":1698509366498,"action":"IDE_ACTIVATED"}
{"ts":1698509367389,"action":"IDE_DEACTIVATED"}
{"ts":1698509375065,"action":"IDE_ACTIVATED"}
{"ts":1698509381404,"action":"IDE_DEACTIVATED"}
{"ts":1698509388813,"action":"IDE_ACTIVATED"}
{"ts":1698509390146,"action":"IDE_DEACTIVATED"}
{"ts":1698509393897,"action":"IDE_ACTIVATED"}
{"ts":1698509415987,"action":"IDE_DEACTIVATED"}
{"ts":1698509441612,"action":"IDE_ACTIVATED"}
{"ts":1698509457958,"action":"IDE_DEACTIVATED"}
{"ts":1698509461443,"action":"IDE_ACTIVATED"}
{"ts":1698509465122,"action":"IDE_DEACTIVATED"}
{"ts":1698509472446,"action":"IDE_ACTIVATED"}
{"ts":1698509488563,"action":"IDE_DEACTIVATED"}
{"ts":1698509489093,"action":"IDE_ACTIVATED"}
{"ts":1698509489440,"action":"IDE_DEACTIVATED"}
{"ts":1698509491360,"action":"IDE_ACTIVATED"}
{"ts":1698509492651,"action":"IDE_DEACTIVATED"}
{"ts":1698509494078,"action":"IDE_ACTIVATED"}
{"ts":1698509500023,"action":"IDE_DEACTIVATED"}
{"ts":1698509500945,"action":"IDE_ACTIVATED"}
{"ts":1698509501987,"action":"IDE_DEACTIVATED"}
{"ts":1698509502610,"action":"IDE_ACTIVATED"}
{"ts":1698509503369,"action":"IDE_DEACTIVATED"}
{"ts":1698509507370,"action":"IDE_ACTIVATED"}
{"ts":1698509509341,"action":"IDE_DEACTIVATED"}
{"ts":1698509510844,"action":"IDE_ACTIVATED"}
{"ts":1698509512422,"action":"IDE_DEACTIVATED"}
{"ts":1698509512759,"action":"IDE_ACTIVATED"}
{"ts":1698509513913,"action":"IDE_DEACTIVATED"}
{"ts":1698509515620,"action":"IDE_ACTIVATED"}
{"ts":1698509536730,"action":"IDE_DEACTIVATED"}
{"ts":1698509537472,"action":"IDE_ACTIVATED"}
{"ts":1698509539107,"action":"IDE_DEACTIVATED"}
{"ts":1698509539734,"action":"IDE_ACTIVATED"}
{"ts":1698509540633,"action":"IDE_DEACTIVATED"}
{"ts":1698509541394,"action":"IDE_ACTIVATED"}
{"ts":1698509545908,"action":"IDE_DEACTIVATED"}
{"ts":1698509546750,"action":"IDE_ACTIVATED"}
{"ts":1698509549911,"action":"IDE_DEACTIVATED"}
{"ts":1698509550512,"action":"IDE_ACTIVATED"}
{"ts":1698509551134,"action":"IDE_DEACTIVATED"}
{"ts":1698509551831,"action":"IDE_ACTIVATED"}
{"ts":1698509570902,"action":"IDE_DEACTIVATED"}
{"ts":1698509587240,"action":"IDE_ACTIVATED"}
{"ts":1698509611230,"action":"IDE_DEACTIVATED"}
{"ts":1698509616205,"action":"IDE_ACTIVATED"}
{"ts":1698509625067,"action":"IDE_DEACTIVATED"}
{"ts":1698509629252,"action":"IDE_ACTIVATED"}
{"ts":1698509665641,"action":"IDE_DEACTIVATED"}
{"ts":1698509670594,"action":"IDE_ACTIVATED"}
{"ts":1698509674373,"action":"IDE_DEACTIVATED"}
{"ts":1698509684184,"action":"IDE_ACTIVATED"}
{"ts":1698509704535,"action":"IDE_DEACTIVATED"}
{"ts":1698510116930,"action":"IDE_ACTIVATED"}
{"ts":1698510130157,"action":"IDE_DEACTIVATED"}
{"ts":1698510167896,"action":"IDE_ACTIVATED"}
{"ts":1698510171725,"action":"IDE_DEACTIVATED"}
{"ts":1698510192614,"action":"IDE_ACTIVATED"}
{"ts":1698510192986,"action":"IDE_DEACTIVATED"}
{"ts":1698510773745,"action":"IDE_ACTIVATED"}
{"ts":1698510796941,"action":"IDE_DEACTIVATED"}
{"ts":1698510797479,"action":"IDE_ACTIVATED"}
{"ts":1698510798369,"action":"IDE_DEACTIVATED"}
{"ts":1698510839356,"action":"IDE_ACTIVATED"}
{"ts":1698510856312,"action":"IDE_DEACTIVATED"}
{"ts":1698510859133,"action":"IDE_ACTIVATED"}
{"ts":1698510863531,"action":"IDE_DEACTIVATED"}
{"ts":1698510902695,"action":"IDE_ACTIVATED"}
{"ts":1698511006920,"action":"IDE_DEACTIVATED"}
{"ts":1698511041840,"action":"IDE_ACTIVATED"}
{"ts":1698511093919,"action":"IDE_DEACTIVATED"}
{"ts":1698511093920,"action":"IDE_ACTIVATED"}
{"ts":1698511101016,"action":"IDE_DEACTIVATED"}
{"ts":1698511116884,"action":"IDE_ACTIVATED"}
{"ts":1698511164977,"action":"IDE_DEACTIVATED"}
{"ts":1698511191373,"action":"IDE_ACTIVATED"}
{"ts":1698511199127,"action":"IDE_DEACTIVATED"}
{"ts":1698511199486,"action":"IDE_ACTIVATED"}
{"ts":1698511200243,"action":"IDE_DEACTIVATED"}
{"ts":1698511233580,"action":"IDE_ACTIVATED"}
{"ts":1698511249440,"action":"IDE_DEACTIVATED"}
{"ts":1698511249864,"action":"IDE_ACTIVATED"}
{"ts":1698511253782,"action":"IDE_DEACTIVATED"}
{"ts":1698511259244,"action":"IDE_ACTIVATED"}
{"ts":1698511321021,"action":"IDE_DEACTIVATED"}
{"ts":1698511321663,"action":"IDE_ACTIVATED"}
{"ts":1698511321680,"action":"IDE_DEACTIVATED"}
{"ts":1698511327036,"action":"IDE_ACTIVATED"}
{"ts":1698511344039,"action":"IDE_DEACTIVATED"}
{"ts":1698511344371,"action":"IDE_ACTIVATED"}
{"ts":1698511344386,"action":"IDE_DEACTIVATED"}
{"ts":1698511358958,"action":"IDE_ACTIVATED"}
{"ts":1698511364608,"action":"IDE_DEACTIVATED"}
{"ts":1698511416635,"action":"IDE_ACTIVATED"}
{"ts":1698511418039,"action":"IDE_DEACTIVATED"}
{"ts":1698511526584,"action":"IDE_ACTIVATED"}
{"ts":1698511555333,"action":"IDE_DEACTIVATED"}
{"ts":1698511584462,"action":"IDE_ACTIVATED"}
{"ts":1698511588947,"action":"IDE_DEACTIVATED"}
{"ts":1698511619193,"action":"IDE_ACTIVATED"}
{"ts":1698511622358,"action":"IDE_DEACTIVATED"}
{"ts":1698511634660,"action":"IDE_ACTIVATED"}
{"ts":1698511638293,"action":"IDE_DEACTIVATED"}
{"ts":1698511651814,"action":"IDE_ACTIVATED"}
{"ts":1698511655019,"action":"IDE_DEACTIVATED"}
{"ts":1698511665707,"action":"IDE_ACTIVATED"}
{"ts":1698511667634,"action":"IDE_DEACTIVATED"}
{"ts":1698511669380,"action":"IDE_ACTIVATED"}
{"ts":1698511670431,"action":"IDE_DEACTIVATED"}
{"ts":1698511708992,"action":"IDE_ACTIVATED"}
{"ts":1698511715011,"action":"FILE_CLOSED","file":"/web/templates/admin/auth.html","tags":{"FILE_LINE_OF_CODE":"17"}}
{"ts":1698511715011,"action":"FILE_OPENED","file":"/docker-compose.yml","tags":{"FILE_LINE_OF_CODE":"7"}}
{"ts":1698511726609,"action":"IDE_DEACTIVATED"}
{"ts":1698511727027,"action":"IDE_ACTIVATED"}
{"ts":1698511734789,"action":"FILE_CLOSED","file":"/docker-compose.yml","tags":{"FILE_LINE_OF_CODE":"7"}}
{"ts":1698511734789,"action":"FILE_OPENED","file":"/Dockerfile","tags":{"FILE_LINE_OF_CODE":"12"}}
{"ts":1698511807347,"action":"IDE_DEACTIVATED"}
{"ts":1698511834593,"action":"IDE_ACTIVATED"}
{"ts":1698511896286,"action":"IDE_DEACTIVATED"}
{"ts":1698511970654,"action":"IDE_ACTIVATED"}
{"ts":1698511971773,"action":"IDE_DEACTIVATED"}
{"ts":1698512206240,"action":"IDE_ACTIVATED"}
{"ts":1698512218118,"action":"IDE_DEACTIVATED"}
{"ts":1698512291851,"action":"IDE_ACTIVATED"}
{"ts":1698512297195,"action":"IDE_DEACTIVATED"}
{"ts":1698512301502,"action":"IDE_ACTIVATED"}
{"ts":1698512302014,"action":"IDE_DEACTIVATED"}
{"ts":1698512344350,"action":"IDE_ACTIVATED"}
{"ts":1698512346236,"action":"IDE_DEACTIVATED"}
{"ts":1698512430398,"action":"IDE_ACTIVATED"}
{"ts":1698512437561,"action":"IDE_DEACTIVATED"}
{"ts":1698512440429,"action":"IDE_ACTIVATED"}
{"ts":1698512463619,"action":"IDE_DEACTIVATED"}
{"ts":1698520574219,"action":"IDE_ACTIVATED"}
{"ts":1698520576321,"action":"IDE_DEACTIVATED"}
{"ts":1698520576322,"action":"IDE_ACTIVATED"}
{"ts":1698520578180,"action":"PROJECT_CLOSED","tags":{"PROJECT_NAME":"4rays"}}
{"ts":1698908507279,"action":"FILE_OPENED","file":"/Dockerfile","tags":{"FILE_LINE_OF_CODE":"12"}}
{"ts":1698908507548,"action":"PROJECT_OPENED","tags":{"PROJECT_NAME":"4rays"}}
{"ts":1698908509783,"action":"FILE_CLOSED","file":"/Dockerfile","tags":{"FILE_LINE_OF_CODE":"12"}}
{"ts":1698908509794,"action":"FILE_OPENED","file":"/requirements.txt","tags":{"FILE_LINE_OF_CODE":"32"}}
{"ts":1698908510137,"action":"FILE_CLOSED","file":"/requirements.txt","tags":{"FILE_LINE_OF_CODE":"43"}}
{"ts":1698908510148,"action":"FILE_OPENED","file":"/.env","tags":{"FILE_LINE_OF_CODE":"7"}}
{"ts":1698908510363,"action":"FILE_CLOSED","file":"/.env","tags":{"FILE_LINE_OF_CODE":"7"}}
{"ts":1698908510374,"action":"FILE_OPENED","file":"/.github/workflows/blank.yml","tags":{"FILE_LINE_OF_CODE":"21"}}
{"ts":1698908510567,"action":"FILE_CLOSED","file":"/.github/workflows/blank.yml","tags":{"FILE_LINE_OF_CODE":"21"}}
{"ts":1698908510580,"action":"FILE_OPENED","file":"/web/templates/admin/edit-item.html","tags":{"FILE_LINE_OF_CODE":"49"}}
{"ts":1698908510784,"action":"FILE_CLOSED","file":"/web/templates/admin/edit-item.html","tags":{"FILE_LINE_OF_CODE":"49"}}
{"ts":1698908510791,"action":"FILE_OPENED","file":"/docker-compose.yml","tags":{"FILE_LINE_OF_CODE":"7"}}
{"ts":1698908510983,"action":"FILE_CLOSED","file":"/docker-compose.yml","tags":{"FILE_LINE_OF_CODE":"7"}}
{"ts":1698908510996,"action":"FILE_OPENED","file":"/web/templates/admin_base.html","tags":{"FILE_LINE_OF_CODE":"74"}}
{"ts":1698908511223,"action":"FILE_CLOSED","file":"/web/templates/admin_base.html","tags":{"FILE_LINE_OF_CODE":"74"}}
{"ts":1698908511236,"action":"FILE_OPENED","file":"/web/static/black/styles.css","tags":{"FILE_LINE_OF_CODE":"40"}}
{"ts":1698908511458,"action":"FILE_CLOSED","file":"/web/static/black/styles.css","tags":{"FILE_LINE_OF_CODE":"40"}}
{"ts":1698908511465,"action":"FILE_OPENED","file":"/web/static/white/styles.css","tags":{"FILE_LINE_OF_CODE":"15"}}
{"ts":1698908511669,"action":"FILE_CLOSED","file":"/web/static/white/styles.css","tags":{"FILE_LINE_OF_CODE":"15"}}
{"ts":1698908511682,"action":"FILE_OPENED","file":"/web/templates/admin/auth.html","tags":{"FILE_LINE_OF_CODE":"17"}}
{"ts":1698908512006,"action":"FILE_CLOSED","file":"/web/templates/admin/auth.html","tags":{"FILE_LINE_OF_CODE":"17"}}
{"ts":1698908519965,"action":"FILE_OPENED","file":"/main.py","tags":{"FILE_LINE_OF_CODE":"23"}}
{"ts":1698908525895,"action":"FILE_CLOSED","file":"/main.py","tags":{"FILE_LINE_OF_CODE":"23"}}
{"ts":1698908525895,"action":"FILE_OPENED","file":"/web/main.py","tags":{"FILE_LINE_OF_CODE":"51"}}
{"ts":1698908530602,"action":"IDE_DEACTIVATED"}
{"ts":1698908553629,"action":"IDE_ACTIVATED"}
{"ts":1698908566446,"action":"IDE_DEACTIVATED"}
{"ts":1698908570716,"action":"IDE_ACTIVATED"}
{"ts":1698908578644,"action":"IDE_DEACTIVATED"}
{"ts":1698908590248,"action":"IDE_ACTIVATED"}
{"ts":1698908604708,"action":"IDE_DEACTIVATED"}
{"ts":1698909214151,"action":"IDE_ACTIVATED"}
{"ts":1698909225635,"action":"PROJECT_CLOSED","tags":{"PROJECT_NAME":"4rays"}}
{"ts":1698943276969,"action":"FILE_OPENED","file":"/main.py","tags":{"FILE_LINE_OF_CODE":"23"}}
{"ts":1698943277015,"action":"FILE_CLOSED","file":"/main.py","tags":{"FILE_LINE_OF_CODE":"23"}}
{"ts":1698943277015,"action":"FILE_OPENED","file":"/web/main.py","tags":{"FILE_LINE_OF_CODE":"51"}}
{"ts":1698943277119,"action":"PROJECT_OPENED","tags":{"PROJECT_NAME":"4rays"}}
{"ts":1698943279091,"action":"IDE_DEACTIVATED"}
{"ts":1698943323430,"action":"IDE_ACTIVATED"}
